# JRE version: Java(TM) SE Runtime Environment (17.0.4.1+1) (build 17.0.4.1+1-LTS-2)
# Java VM: Java HotSpot(TM) 64-Bit Server VM (17.0.4.1+1-LTS-2, mixed mode, sharing, tiered, compressed oops, compressed class ptrs, g1 gc, windows-amd64)
GC Precious Log:
 CPUs: 12 total, 12 available
 Memory: 16232M
 Large Page Support: Disabled
 NUMA Support: Disabled
 Compressed Oops: Enabled (Zero based)
 Heap Region Size: 2M
 Heap Min Capacity: 8M
 Heap Initial Capacity: 254M
 Heap Max Capacity: 4060M
 Pre-touch: Disabled
 Parallel Workers: 10
 Concurrent Workers: 3
 Concurrent Refinement Workers: 10
 Periodic GC: Disabled
Heap:
 garbage-first heap   total 262144K, used 85786K [0x0000000702400000, 0x0000000800000000)
  region size 2048K, 2 young (4096K), 2 survivors (4096K)
 Metaspace       used 61420K, committed 61824K, reserved 1105920K
  class space    used 7856K, committed 8064K, reserved 1048576K
GC Heap History (20 events):
Event: 3.625 GC heap after
{Heap after GC invocations=11 (full 0):
 garbage-first heap   total 61440K, used 22169K [0x0000000702400000, 0x0000000800000000)
  region size 2048K, 2 young (4096K), 2 survivors (4096K)
 Metaspace       used 40706K, committed 41024K, reserved 1089536K
  class space    used 5349K, committed 5504K, reserved 1048576K
}
Event: 3.984 GC heap before
{Heap before GC invocations=11 (full 0):
 garbage-first heap   total 61440K, used 44697K [0x0000000702400000, 0x0000000800000000)
  region size 2048K, 13 young (26624K), 2 survivors (4096K)
 Metaspace       used 45367K, committed 45696K, reserved 1089536K
  class space    used 6094K, committed 6272K, reserved 1048576K
}
Event: 3.987 GC heap after
{Heap after GC invocations=12 (full 0):
 garbage-first heap   total 61440K, used 23852K [0x0000000702400000, 0x0000000800000000)
  region size 2048K, 2 young (4096K), 2 survivors (4096K)
 Metaspace       used 45367K, committed 45696K, reserved 1089536K
  class space    used 6094K, committed 6272K, reserved 1048576K
}
Event: 4.372 GC heap before
{Heap before GC invocations=12 (full 0):
 garbage-first heap   total 61440K, used 44332K [0x0000000702400000, 0x0000000800000000)
  region size 2048K, 12 young (24576K), 2 survivors (4096K)
 Metaspace       used 49846K, committed 50112K, reserved 1097728K
  class space    used 6652K, committed 6784K, reserved 1048576K
}
Event: 4.376 GC heap after
{Heap after GC invocations=13 (full 0):
 garbage-first heap   total 61440K, used 25005K [0x0000000702400000, 0x0000000800000000)
  region size 2048K, 2 young (4096K), 2 survivors (4096K)
 Metaspace       used 49846K, committed 50112K, reserved 1097728K
  class space    used 6652K, committed 6784K, reserved 1048576K
}
Event: 4.695 GC heap before
{Heap before GC invocations=13 (full 0):
 garbage-first heap   total 61440K, used 45485K [0x0000000702400000, 0x0000000800000000)
  region size 2048K, 10 young (20480K), 2 survivors (4096K)
 Metaspace       used 54534K, committed 54848K, reserved 1097728K
  class space    used 7040K, committed 7168K, reserved 1048576K
}
Event: 4.697 GC heap after
{Heap after GC invocations=14 (full 0):
 garbage-first heap   total 61440K, used 30408K [0x0000000702400000, 0x0000000800000000)
  region size 2048K, 2 young (4096K), 2 survivors (4096K)
 Metaspace       used 54534K, committed 54848K, reserved 1097728K
  class space    used 7040K, committed 7168K, reserved 1048576K
}
Event: 4.987 GC heap before
{Heap before GC invocations=15 (full 0):
 garbage-first heap   total 79872K, used 57032K [0x0000000702400000, 0x0000000800000000)
  region size 2048K, 10 young (20480K), 2 survivors (4096K)
 Metaspace       used 58258K, committed 58688K, reserved 1105920K
  class space    used 7473K, committed 7680K, reserved 1048576K
}
Event: 4.990 GC heap after
{Heap after GC invocations=16 (full 0):
 garbage-first heap   total 79872K, used 33240K [0x0000000702400000, 0x0000000800000000)
  region size 2048K, 2 young (4096K), 2 survivors (4096K)
 Metaspace       used 58258K, committed 58688K, reserved 1105920K
  class space    used 7473K, committed 7680K, reserved 1048576K
}
Event: 5.026 GC heap before
{Heap before GC invocations=16 (full 0):
 garbage-first heap   total 79872K, used 35288K [0x0000000702400000, 0x0000000800000000)
  region size 2048K, 3 young (6144K), 2 survivors (4096K)
 Metaspace       used 58703K, committed 59136K, reserved 1105920K
  class space    used 7544K, committed 7744K, reserved 1048576K
}
Event: 5.029 GC heap after
{Heap after GC invocations=17 (full 0):
 garbage-first heap   total 114688K, used 33772K [0x0000000702400000, 0x0000000800000000)
  region size 2048K, 1 young (2048K), 1 survivors (2048K)
 Metaspace       used 58703K, committed 59136K, reserved 1105920K
  class space    used 7544K, committed 7744K, reserved 1048576K
}
Event: 5.446 GC heap before
{Heap before GC invocations=17 (full 0):
 garbage-first heap   total 114688K, used 82924K [0x0000000702400000, 0x0000000800000000)
  region size 2048K, 25 young (51200K), 1 survivors (2048K)
 Metaspace       used 60851K, committed 61248K, reserved 1105920K
  class space    used 7789K, committed 8000K, reserved 1048576K
}
Event: 5.456 GC heap after
{Heap after GC invocations=18 (full 0):
 garbage-first heap   total 116736K, used 63751K [0x0000000702400000, 0x0000000800000000)
  region size 2048K, 4 young (8192K), 4 survivors (8192K)
 Metaspace       used 60851K, committed 61248K, reserved 1105920K
  class space    used 7789K, committed 8000K, reserved 1048576K
}
Event: 5.573 GC heap before
{Heap before GC invocations=18 (full 0):
 garbage-first heap   total 116736K, used 80135K [0x0000000702400000, 0x0000000800000000)
  region size 2048K, 12 young (24576K), 4 survivors (8192K)
 Metaspace       used 61408K, committed 61824K, reserved 1105920K
  class space    used 7855K, committed 8064K, reserved 1048576K
}
Event: 5.582 GC heap after
{Heap after GC invocations=19 (full 0):
 garbage-first heap   total 116736K, used 71353K [0x0000000702400000, 0x0000000800000000)
  region size 2048K, 2 young (4096K), 2 survivors (4096K)
 Metaspace       used 61408K, committed 61824K, reserved 1105920K
  class space    used 7855K, committed 8064K, reserved 1048576K
}
Event: 5.639 GC heap before
{Heap before GC invocations=20 (full 0):
 garbage-first heap   total 131072K, used 85689K [0x0000000702400000, 0x0000000800000000)
  region size 2048K, 9 young (18432K), 2 survivors (4096K)
 Metaspace       used 61412K, committed 61824K, reserved 1105920K
  class space    used 7855K, committed 8064K, reserved 1048576K
}
Event: 5.644 GC heap after
{Heap after GC invocations=21 (full 0):
 garbage-first heap   total 131072K, used 76640K [0x0000000702400000, 0x0000000800000000)
  region size 2048K, 2 young (4096K), 2 survivors (4096K)
 Metaspace       used 61412K, committed 61824K, reserved 1105920K
  class space    used 7855K, committed 8064K, reserved 1048576K
}
Event: 5.681 GC heap before
{Heap before GC invocations=21 (full 0):
 garbage-first heap   total 131072K, used 95072K [0x0000000702400000, 0x0000000800000000)
  region size 2048K, 11 young (22528K), 2 survivors (4096K)
 Metaspace       used 61419K, committed 61824K, reserved 1105920K
  class space    used 7855K, committed 8064K, reserved 1048576K
}
Event: 5.687 GC heap after
{Heap after GC invocations=22 (full 0):
 garbage-first heap   total 131072K, used 81230K [0x0000000702400000, 0x0000000800000000)
  region size 2048K, 2 young (4096K), 2 survivors (4096K)
 Metaspace       used 61419K, committed 61824K, reserved 1105920K
  class space    used 7855K, committed 8064K, reserved 1048576K
}
Event: 5.738 GC heap before
{Heap before GC invocations=22 (full 0):
 garbage-first heap   total 161792K, used 97614K [0x0000000702400000, 0x0000000800000000)
  region size 2048K, 10 young (20480K), 2 survivors (4096K)
 Metaspace       used 61420K, committed 61824K, reserved 1105920K
  class space    used 7856K, committed 8064K, reserved 1048576K
}

